TN:
SF:src\controllers\plate.js
FN:43,Plate
FN:46,search
FN:57,verifyTime
FN:67,main
FNF:4
FNH:3
FNDA:4,Plate
FNDA:4,search
FNDA:4,verifyTime
FNDA:0,main
DA:1,1
DA:2,1
DA:3,1
DA:4,1
DA:5,1
DA:6,1
DA:7,1
DA:8,1
DA:9,1
DA:10,1
DA:11,1
DA:12,1
DA:13,1
DA:14,1
DA:15,1
DA:16,1
DA:17,1
DA:18,1
DA:19,1
DA:20,1
DA:21,1
DA:22,1
DA:23,1
DA:24,1
DA:25,1
DA:26,1
DA:27,1
DA:28,1
DA:29,1
DA:30,1
DA:31,1
DA:32,1
DA:33,1
DA:34,1
DA:35,1
DA:36,1
DA:37,1
DA:38,1
DA:39,1
DA:40,1
DA:41,1
DA:42,1
DA:43,1
DA:44,4
DA:45,4
DA:46,1
DA:47,4
DA:48,3
DA:49,2
DA:50,2
DA:51,1
DA:52,4
DA:53,1
DA:54,1
DA:55,4
DA:56,1
DA:57,1
DA:58,4
DA:59,4
DA:60,2
DA:61,2
DA:62,1
DA:63,4
DA:64,4
DA:65,1
DA:66,1
DA:67,0
DA:68,0
DA:69,0
DA:70,0
DA:71,0
DA:72,0
DA:73,0
DA:74,0
DA:75,0
DA:76,0
DA:77,0
DA:78,0
DA:79,0
DA:80,0
DA:81,0
DA:82,0
DA:83,1
LF:83
LH:67
BRDA:43,0,0,4
BRDA:46,1,0,4
BRDA:47,2,0,3
BRDA:48,3,0,2
BRDA:51,4,0,1
BRDA:52,5,0,1
BRDA:57,6,0,4
BRDA:59,7,0,3
BRDA:59,8,0,2
BRDA:61,9,0,1
BRF:10
BRH:10
end_of_record
